#
# There is insufficient memory for the Java Runtime Environment to continue.
# Native memory allocation (mmap) failed to map 67108864 bytes for G1 virtual space
# Possible reasons:
#   The system is out of physical RAM or swap space
#   The process is running with CompressedOops enabled, and the Java Heap may be blocking the growth of the native heap
# Possible solutions:
#   Reduce memory load on the system
#   Increase physical memory or swap space
#   Check if swap backing store is full
#   Decrease Java heap size (-Xmx/-Xms)
#   Decrease number of Java threads
#   Decrease Java thread stack sizes (-Xss)
#   Set larger code cache with -XX:ReservedCodeCacheSize=
#   JVM is running with Unscaled Compressed Oops mode in which the Java heap is
#     placed in the first 4GB address space. The Java Heap base address is the
#     maximum limit for the native heap growth. Please use -XX:HeapBaseMinAddress
#     to set the Java Heap base and to place the Java Heap above 4GB virtual address.
# This output file may be truncated or incomplete.
#
#  Out of Memory Error (os_windows.cpp:3548), pid=14340, tid=14536
#
# JRE version:  (17.0.12+8) (build )
# Java VM: Java HotSpot(TM) 64-Bit Server VM (17.0.12+8-LTS-286, mixed mode, sharing, tiered, compressed oops, compressed class ptrs, g1 gc, windows-amd64)
# No core dump will be written. Minidumps are not enabled by default on client versions of Windows
#

---------------  S U M M A R Y ------------

Command Line: -Xmx64m -Xms64m -Dorg.gradle.appname=gradlew org.gradle.wrapper.GradleWrapperMain app:installDebug -PreactNativeDevServerPort=8081

Host: Intel(R) Core(TM) i5-4590 CPU @ 3.30GHz, 4 cores, 7G,  Windows 10 , 64 bit Build 19041 (10.0.19041.5915)
Time: Sat Dec 13 15:15:40 2025 India Standard Time elapsed time: 0.029746 seconds (0d 0h 0m 0s)

---------------  T H R E A D  ---------------

Current thread (0x000001b97519a780):  JavaThread "Unknown thread" [_thread_in_vm, id=14536, stack(0x00000031cfb00000,0x00000031cfc00000)]

Stack: [0x00000031cfb00000,0x00000031cfc00000]
Native frames: (J=compiled Java code, j=interpreted, Vv=VM code, C=native code)
V  [jvm.dll+0x67a04a]
V  [jvm.dll+0x7da4ed]
V  [jvm.dll+0x7dbe33]
V  [jvm.dll+0x7dc4a3]
V  [jvm.dll+0x24508f]
V  [jvm.dll+0x677089]
V  [jvm.dll+0x66bd32]
V  [jvm.dll+0x301fa6]
V  [jvm.dll+0x309546]
V  [jvm.dll+0x359d2e]
V  [jvm.dll+0x359f5f]
V  [jvm.dll+0x2d9078]
V  [jvm.dll+0x2d9fe4]
V  [jvm.dll+0x7aca21]
V  [jvm.dll+0x367591]
V  [jvm.dll+0x78b999]
V  [jvm.dll+0x3ec83f]
V  [jvm.dll+0x3ee471]
C  [jli.dll+0x5297]
C  [ucrtbase.dll+0x21bb2]
C  [KERNEL32.DLL+0x17374]
C  [ntdll.dll+0x4cc91]


---------------  P R O C E S S  ---------------

Threads class SMR info:
_java_thread_list=0x00007ff8d40b7a18, length=0, elements={
}

Java Threads: ( => current thread )

Other Threads:
  0x000001b9751b7430 GCTaskThread "GC Thread#0" [stack: 0x00000031cfc00000,0x00000031cfd00000] [id=2924]
  0x000001b9751b8b80 ConcurrentGCThread "G1 Main Marker" [stack: 0x00000031cfd00000,0x00000031cfe00000] [id=6612]
  0x000001b9751b9590 ConcurrentGCThread "G1 Conc#0" [stack: 0x00000031cfe00000,0x00000031cff00000] [id=3728]

[error occurred during error reporting (printing all threads), id 0xc0000005, EXCEPTION_ACCESS_VIOLATION (0xc0000005) at pc=0x00007ff8d38e9b67]

VM state: not at safepoint (not fully initialized)

VM Mutex/Monitor currently owned by a thread:  ([mutex/lock_event])
[0x000001b975197e50] Heap_lock - owner thread: 0x000001b97519a780

Heap address: 0x00000000fc000000, size: 64 MB, Compressed Oops mode: 32-bit

CDS archive(s) mapped at: [0x0000000000000000-0x0000000000000000-0x0000000000000000), size 0, SharedBaseAddress: 0x0000000800000000, ArchiveRelocationMode: 1.
Narrow klass base: 0x0000000000000000, Narrow klass shift: 0, Narrow klass range: 0x0

GC Precious Log:
<Empty>

Heap:
 garbage-first heap   total 0K, used 0K [0x00000000fc000000, 0x0000000100000000)
  region size 1024K, 0 young (0K), 0 survivors (0K)

[error occurred during error reporting (printing heap information), id 0xc0000005, EXCEPTION_ACCESS_VIOLATION (0xc0000005) at pc=0x00007ff8d3cd3859]

GC Heap History (0 events):
No events

Deoptimization events (0 events):
No events

Classes unloaded (0 events):
No events

Classes redefined (0 events):
No events

Internal exceptions (0 events):
No events

VM Operations (0 events):
No events

Events (1 events):
Event: 0.018 Loaded shared library C:\Program Files\Java\jdk-17\bin\java.dll


Dynamic libraries:
0x00007ff79fef0000 - 0x00007ff79ff00000 	C:\Program Files\Java\jdk-17\bin\java.exe
0x00007ff90dcd0000 - 0x00007ff90dec8000 	C:\Windows\SYSTEM32\ntdll.dll
0x00007ff90dbc0000 - 0x00007ff90dc82000 	C:\Windows\System32\KERNEL32.DLL
0x00007ff90b750000 - 0x00007ff90ba46000 	C:\Windows\System32\KERNELBASE.dll
0x00007ff90ba50000 - 0x00007ff90bb50000 	C:\Windows\System32\ucrtbase.dll
0x00007ff8ed580000 - 0x00007ff8ed599000 	C:\Program Files\Java\jdk-17\bin\jli.dll
0x00007ff907e80000 - 0x00007ff907e9b000 	C:\Program Files\Java\jdk-17\bin\VCRUNTIME140.dll
0x00007ff90bf80000 - 0x00007ff90c031000 	C:\Windows\System32\ADVAPI32.dll
0x00007ff90d880000 - 0x00007ff90d91e000 	C:\Windows\System32\msvcrt.dll
0x00007ff90c930000 - 0x00007ff90c9cf000 	C:\Windows\System32\sechost.dll
0x00007ff90d920000 - 0x00007ff90da40000 	C:\Windows\System32\RPCRT4.dll
0x00007ff90bb50000 - 0x00007ff90bb77000 	C:\Windows\System32\bcrypt.dll
0x00007ff90bdd0000 - 0x00007ff90bf71000 	C:\Windows\System32\USER32.dll
0x00007ff90b5d0000 - 0x00007ff90b5f2000 	C:\Windows\System32\win32u.dll
0x00007ff90c9e0000 - 0x00007ff90ca0b000 	C:\Windows\System32\GDI32.dll
0x00007ff8f0870000 - 0x00007ff8f0b0b000 	C:\Windows\WinSxS\amd64_microsoft.windows.common-controls_6595b64144ccf1df_6.0.19041.6456_none_60b8a6cb71f64256\COMCTL32.dll
0x00007ff90bb80000 - 0x00007ff90bc99000 	C:\Windows\System32\gdi32full.dll
0x00007ff90b6b0000 - 0x00007ff90b74d000 	C:\Windows\System32\msvcp_win.dll
0x00007ff8fd8b0000 - 0x00007ff8fd8ba000 	C:\Windows\SYSTEM32\VERSION.dll
0x00007ff90db20000 - 0x00007ff90db4f000 	C:\Windows\System32\IMM32.DLL
0x00007ff9049b0000 - 0x00007ff9049bc000 	C:\Program Files\Java\jdk-17\bin\vcruntime140_1.dll
0x00007ff8ed4f0000 - 0x00007ff8ed57e000 	C:\Program Files\Java\jdk-17\bin\msvcp140.dll
0x00007ff8d3600000 - 0x00007ff8d41e0000 	C:\Program Files\Java\jdk-17\bin\server\jvm.dll
0x00007ff90bdc0000 - 0x00007ff90bdc8000 	C:\Windows\System32\PSAPI.DLL
0x00007ff8fffc0000 - 0x00007ff8fffe7000 	C:\Windows\SYSTEM32\WINMM.dll
0x00007ff907ec0000 - 0x00007ff907ec9000 	C:\Windows\SYSTEM32\WSOCK32.dll
0x00007ff90db50000 - 0x00007ff90dbbb000 	C:\Windows\System32\ws2_32.DLL
0x00007ff908b50000 - 0x00007ff908b62000 	C:\Windows\SYSTEM32\kernel.appcore.dll
0x00007ff8fafe0000 - 0x00007ff8fafea000 	C:\Program Files\Java\jdk-17\bin\jimage.dll
0x00007ff90ac30000 - 0x00007ff90ae31000 	C:\Windows\SYSTEM32\DBGHELP.DLL
0x00007ff90aa40000 - 0x00007ff90aa74000 	C:\Windows\SYSTEM32\dbgcore.DLL
0x00007ff90b360000 - 0x00007ff90b3e2000 	C:\Windows\System32\bcryptPrimitives.dll
0x00007ff8ed4c0000 - 0x00007ff8ed4e5000 	C:\Program Files\Java\jdk-17\bin\java.dll

dbghelp: loaded successfully - version: 4.0.5 - missing functions: none
symbol engine: initialized successfully - sym options: 0x614 - pdb path: .;C:\Program Files\Java\jdk-17\bin;C:\Windows\SYSTEM32;C:\Windows\WinSxS\amd64_microsoft.windows.common-controls_6595b64144ccf1df_6.0.19041.6456_none_60b8a6cb71f64256;C:\Program Files\Java\jdk-17\bin\server

VM Arguments:
jvm_args: -Xmx64m -Xms64m -Dorg.gradle.appname=gradlew 
java_command: org.gradle.wrapper.GradleWrapperMain app:installDebug -PreactNativeDevServerPort=8081
java_class_path (initial): C:\mobileapp\hindi-bible\android\\gradle\wrapper\gradle-wrapper.jar
Launcher Type: SUN_STANDARD

[Global flags]
     intx CICompilerCount                          = 3                                         {product} {ergonomic}
     uint ConcGCThreads                            = 1                                         {product} {ergonomic}
     uint G1ConcRefinementThreads                  = 4                                         {product} {ergonomic}
   size_t G1HeapRegionSize                         = 1048576                                   {product} {ergonomic}
    uintx GCDrainStackTargetSize                   = 64                                        {product} {ergonomic}
   size_t InitialHeapSize                          = 67108864                                  {product} {command line}
   size_t MarkStackSize                            = 4194304                                   {product} {ergonomic}
   size_t MaxHeapSize                              = 67108864                                  {product} {command line}
   size_t MinHeapDeltaBytes                        = 1048576                                   {product} {ergonomic}
   size_t MinHeapSize                              = 67108864                                  {product} {command line}
    uintx NonNMethodCodeHeapSize                   = 5832780                                {pd product} {ergonomic}
    uintx NonProfiledCodeHeapSize                  = 122912730                              {pd product} {ergonomic}
    uintx ProfiledCodeHeapSize                     = 122912730                              {pd product} {ergonomic}
    uintx ReservedCodeCacheSize                    = 251658240                              {pd product} {ergonomic}
     bool SegmentedCodeCache                       = true                                      {product} {ergonomic}
   size_t SoftMaxHeapSize                          = 67108864                               {manageable} {ergonomic}
     bool UseCompressedClassPointers               = true                           {product lp64_product} {ergonomic}
     bool UseCompressedOops                        = true                           {product lp64_product} {ergonomic}
     bool UseG1GC                                  = true                                      {product} {ergonomic}
     bool UseLargePagesIndividualAllocation        = false                                  {pd product} {ergonomic}

Logging:
Log output configuration:
 #0: stdout all=warning uptime,level,tags
 #1: stderr all=off uptime,level,tags

Environment Variables:
JAVA_HOME=C:\Program Files\Java\jdk-17
CLASSPATH=C:\mobileapp\hindi-bible\android\\gradle\wrapper\gradle-wrapper.jar
PATH=C:\mobileapp\hindi-bible\node_modules\.bin;C:\mobileapp\hindi-bible\node_modules\.bin;C:\mobileapp\node_modules\.bin;C:\node_modules\.bin;C:\Program Files\nodejs\node_modules\npm\node_modules\@npmcli\run-script\lib\node-gyp-bin;C:\Python313\Scripts\;C:\Python313\;C:\Windows\system32;C:\Windows;C:\Windows\System32\Wbem;C:\Windows\System32\WindowsPowerShell\v1.0\;C:\Windows\System32\OpenSSH\;C:\Program Files\nodejs\;C:\ProgramData\chocolatey\bin;C:\Program Files\Java\jdk-17\bin;C:\Program Files\Git\cmd;C:\xamp\php;C:\ProgramData\ComposerSetup\bin;C:\Users\Hp\AppData\Local\Android\Sdk\platform-tools;C:\Users\Hp\AppData\Local\Android\Sdk\tools;C:\Users\Hp\AppData\Local\Microsoft\WindowsApps;C:\Users\Hp\AppData\Local\Programs\Microsoft VS Code\bin;C:\Users\Hp\AppData\Roaming\npm;C:\Users\Hp\AppData\Roaming\Composer\vendor\bin;C:\Program Files\OpenSSL-Win64\bin;
USERNAME=Hp
LANG=en_US.UTF-8
OS=Windows_NT
PROCESSOR_IDENTIFIER=Intel64 Family 6 Model 60 Stepping 3, GenuineIntel



---------------  S Y S T E M  ---------------

OS:
 Windows 10 , 64 bit Build 19041 (10.0.19041.5915)
OS uptime: 3 days 3:29 hours

CPU: total 4 (initial active 4) (4 cores per cpu, 1 threads per core) family 6 model 60 stepping 3 microcode 0x27, cx8, cmov, fxsr, mmx, sse, sse2, sse3, ssse3, sse4.1, sse4.2, popcnt, lzcnt, tsc, tscinvbit, avx, avx2, aes, erms, clmul, bmi1, bmi2, fma, vzeroupper, clflush

Memory: 4k page, system-wide physical 8082M (474M free)
TotalPageFile size 32658M (AvailPageFile size 50M)
current process WorkingSet (physical memory assigned to process): 10M, peak: 10M
current process commit charge ("private bytes"): 51M, peak: 115M

vm_info: Java HotSpot(TM) 64-Bit Server VM (17.0.12+8-LTS-286) for windows-amd64 JRE (17.0.12+8-LTS-286), built on Jun  5 2024 06:46:59 by "mach5one" with MS VC++ 17.6 (VS2022)

END.
